This file contains any messages produced by compilers while
running configure, to aid debugging if configure makes a mistake.

It was created by PythonMagick configure 0.9.12, which was
generated by GNU Autoconf 2.69.  Invocation command line was

  $ ./configure 

## --------- ##
## Platform. ##
## --------- ##

hostname = community.dakcs.com
uname -m = x86_64
uname -r = 2.6.32-504.30.3.el6.x86_64
uname -s = Linux
uname -v = #1 SMP Wed Jul 15 10:13:09 UTC 2015

/usr/bin/uname -p = unknown
/bin/uname -X     = unknown

/bin/arch              = x86_64
/usr/bin/arch -k       = unknown
/usr/convex/getsysinfo = unknown
/usr/bin/hostinfo      = unknown
/bin/machine           = unknown
/usr/bin/oslevel       = unknown
/bin/universe          = unknown

PATH: /home/arts/bin
PATH: /usr/lib64/qt-3.3/bin
PATH: /usr/local/bin
PATH: /bin
PATH: /usr/bin
PATH: /usr/local/sbin
PATH: /usr/sbin
PATH: /sbin
PATH: /home/arts/bin
PATH: /home/arts/bin/ims/bin


## ----------- ##
## Core tests. ##
## ----------- ##

configure:2411: checking whether build environment is sane
configure:2466: result: yes
configure:2495: checking for a BSD-compatible install
configure:2563: result: /usr/bin/install -c
configure:2713: checking for a thread-safe mkdir -p
configure:2752: result: /bin/mkdir -p
configure:2759: checking for gawk
configure:2775: found /bin/gawk
configure:2786: result: gawk
configure:2797: checking whether make sets $(MAKE)
configure:2819: result: yes
configure:2848: checking whether make supports nested variables
configure:2865: result: yes
configure:3004: checking whether make supports nested variables
configure:3021: result: yes
configure:3092: checking for g++
configure:3108: found /usr/bin/g++
configure:3119: result: g++
configure:3146: checking for C++ compiler version
configure:3155: g++ --version >&5
g++ (GCC) 4.4.7 20120313 (Red Hat 4.4.7-16)
Copyright (C) 2010 Free Software Foundation, Inc.
This is free software; see the source for copying conditions.  There is NO
warranty; not even for MERCHANTABILITY or FITNESS FOR A PARTICULAR PURPOSE.

configure:3166: $? = 0
configure:3155: g++ -v >&5
Using built-in specs.
Target: x86_64-redhat-linux
Configured with: ../configure --prefix=/usr --mandir=/usr/share/man --infodir=/usr/share/info --with-bugurl=http://bugzilla.redhat.com/bugzilla --enable-bootstrap --enable-shared --enable-threads=posix --enable-checking=release --with-system-zlib --enable-__cxa_atexit --disable-libunwind-exceptions --enable-gnu-unique-object --enable-languages=c,c++,objc,obj-c++,java,fortran,ada --enable-java-awt=gtk --disable-dssi --with-java-home=/usr/lib/jvm/java-1.5.0-gcj-1.5.0.0/jre --enable-libgcj-multifile --enable-java-maintainer-mode --with-ecj-jar=/usr/share/java/eclipse-ecj.jar --disable-libjava-multilib --with-ppl --with-cloog --with-tune=generic --with-arch_32=i686 --build=x86_64-redhat-linux
Thread model: posix
gcc version 4.4.7 20120313 (Red Hat 4.4.7-16) (GCC) 
configure:3166: $? = 0
configure:3155: g++ -V >&5
g++: '-V' option must have argument
configure:3166: $? = 1
configure:3155: g++ -qversion >&5
g++: unrecognized option '-qversion'
g++: no input files
configure:3166: $? = 1
configure:3186: checking whether the C++ compiler works
configure:3208: g++    conftest.cpp  >&5
configure:3212: $? = 0
configure:3260: result: yes
configure:3263: checking for C++ compiler default output file name
configure:3265: result: a.out
configure:3271: checking for suffix of executables
configure:3278: g++ -o conftest    conftest.cpp  >&5
configure:3282: $? = 0
configure:3304: result: 
configure:3326: checking whether we are cross compiling
configure:3334: g++ -o conftest    conftest.cpp  >&5
configure:3338: $? = 0
configure:3345: ./conftest
configure:3349: $? = 0
configure:3364: result: no
configure:3369: checking for suffix of object files
configure:3391: g++ -c   conftest.cpp >&5
configure:3395: $? = 0
configure:3416: result: o
configure:3420: checking whether we are using the GNU C++ compiler
configure:3439: g++ -c   conftest.cpp >&5
configure:3439: $? = 0
configure:3448: result: yes
configure:3457: checking whether g++ accepts -g
configure:3477: g++ -c -g  conftest.cpp >&5
configure:3477: $? = 0
configure:3518: result: yes
configure:3552: checking for style of include used by make
configure:3580: result: GNU
configure:3606: checking dependency style of g++
configure:3717: result: gcc3
configure:3780: checking for gcc
configure:3796: found /usr/bin/gcc
configure:3807: result: gcc
configure:4036: checking for C compiler version
configure:4045: gcc --version >&5
gcc (GCC) 4.4.7 20120313 (Red Hat 4.4.7-16)
Copyright (C) 2010 Free Software Foundation, Inc.
This is free software; see the source for copying conditions.  There is NO
warranty; not even for MERCHANTABILITY or FITNESS FOR A PARTICULAR PURPOSE.

configure:4056: $? = 0
configure:4045: gcc -v >&5
Using built-in specs.
Target: x86_64-redhat-linux
Configured with: ../configure --prefix=/usr --mandir=/usr/share/man --infodir=/usr/share/info --with-bugurl=http://bugzilla.redhat.com/bugzilla --enable-bootstrap --enable-shared --enable-threads=posix --enable-checking=release --with-system-zlib --enable-__cxa_atexit --disable-libunwind-exceptions --enable-gnu-unique-object --enable-languages=c,c++,objc,obj-c++,java,fortran,ada --enable-java-awt=gtk --disable-dssi --with-java-home=/usr/lib/jvm/java-1.5.0-gcj-1.5.0.0/jre --enable-libgcj-multifile --enable-java-maintainer-mode --with-ecj-jar=/usr/share/java/eclipse-ecj.jar --disable-libjava-multilib --with-ppl --with-cloog --with-tune=generic --with-arch_32=i686 --build=x86_64-redhat-linux
Thread model: posix
gcc version 4.4.7 20120313 (Red Hat 4.4.7-16) (GCC) 
configure:4056: $? = 0
configure:4045: gcc -V >&5
gcc: '-V' option must have argument
configure:4056: $? = 1
configure:4045: gcc -qversion >&5
gcc: unrecognized option '-qversion'
gcc: no input files
configure:4056: $? = 1
configure:4060: checking whether we are using the GNU C compiler
configure:4079: gcc -c   conftest.c >&5
configure:4079: $? = 0
configure:4088: result: yes
configure:4097: checking whether gcc accepts -g
configure:4117: gcc -c -g  conftest.c >&5
configure:4117: $? = 0
configure:4158: result: yes
configure:4175: checking for gcc option to accept ISO C89
configure:4238: gcc  -c -g -O2  conftest.c >&5
configure:4238: $? = 0
configure:4251: result: none needed
configure:4276: checking whether gcc understands -c and -o together
configure:4298: gcc -c conftest.c -o conftest2.o
configure:4301: $? = 0
configure:4298: gcc -c conftest.c -o conftest2.o
configure:4301: $? = 0
configure:4313: result: yes
configure:4332: checking dependency style of gcc
configure:4443: result: gcc3
configure:4459: checking whether ln -s works
configure:4463: result: yes
configure:4470: checking whether make sets $(MAKE)
configure:4492: result: yes
configure:4530: checking build system type
configure:4544: result: x86_64-unknown-linux-gnu
configure:4564: checking host system type
configure:4577: result: x86_64-unknown-linux-gnu
configure:4618: checking how to print strings
configure:4645: result: printf
configure:4666: checking for a sed that does not truncate output
configure:4730: result: /bin/sed
configure:4748: checking for grep that handles long lines and -e
configure:4806: result: /bin/grep
configure:4811: checking for egrep
configure:4873: result: /bin/grep -E
configure:4878: checking for fgrep
configure:4940: result: /bin/grep -F
configure:4975: checking for ld used by gcc
configure:5042: result: /usr/bin/ld
configure:5049: checking if the linker (/usr/bin/ld) is GNU ld
configure:5064: result: yes
configure:5076: checking for BSD- or MS-compatible name lister (nm)
configure:5125: result: /usr/bin/nm -B
configure:5255: checking the name lister (/usr/bin/nm -B) interface
configure:5262: gcc -c -g -O2  conftest.c >&5
configure:5265: /usr/bin/nm -B "conftest.o"
configure:5268: output
0000000000000000 B some_variable
configure:5275: result: BSD nm
configure:5279: checking the maximum length of command line arguments
configure:5409: result: 1966080
configure:5426: checking whether the shell understands some XSI constructs
configure:5436: result: yes
configure:5440: checking whether the shell understands "+="
configure:5446: result: yes
configure:5481: checking how to convert x86_64-unknown-linux-gnu file names to x86_64-unknown-linux-gnu format
configure:5521: result: func_convert_file_noop
configure:5528: checking how to convert x86_64-unknown-linux-gnu file names to toolchain format
configure:5548: result: func_convert_file_noop
configure:5555: checking for /usr/bin/ld option to reload object files
configure:5562: result: -r
configure:5636: checking for objdump
configure:5652: found /usr/bin/objdump
configure:5663: result: objdump
configure:5695: checking how to recognize dependent libraries
configure:5897: result: pass_all
configure:5982: checking for dlltool
configure:6012: result: no
configure:6042: checking how to associate runtime and link libraries
configure:6069: result: printf %s\n
configure:6130: checking for ar
configure:6146: found /usr/bin/ar
configure:6157: result: ar
configure:6194: checking for archiver @FILE support
configure:6211: gcc -c -g -O2  conftest.c >&5
configure:6211: $? = 0
configure:6214: ar cru libconftest.a @conftest.lst >&5
configure:6217: $? = 0
configure:6222: ar cru libconftest.a @conftest.lst >&5
ar: conftest.o: No such file or directory
configure:6225: $? = 1
configure:6237: result: @
configure:6295: checking for strip
configure:6311: found /usr/bin/strip
configure:6322: result: strip
configure:6394: checking for ranlib
configure:6410: found /usr/bin/ranlib
configure:6421: result: ranlib
configure:6523: checking command to parse /usr/bin/nm -B output from gcc object
configure:6643: gcc -c -g -O2  conftest.c >&5
configure:6646: $? = 0
configure:6650: /usr/bin/nm -B conftest.o \| sed -n -e 's/^.*[ ]\([ABCDGIRSTW][ABCDGIRSTW]*\)[ ][ ]*\([_A-Za-z][_A-Za-z0-9]*\)$/\1 \2 \2/p' | sed '/ __gnu_lto/d' \> conftest.nm
configure:6653: $? = 0
configure:6719: gcc -o conftest -g -O2   conftest.c conftstm.o >&5
configure:6722: $? = 0
configure:6760: result: ok
configure:6797: checking for sysroot
configure:6827: result: no
configure:6904: gcc -c -g -O2  conftest.c >&5
configure:6907: $? = 0
configure:7089: checking for mt
configure:7119: result: no
configure:7139: checking if : is a manifest tool
configure:7145: : '-?'
configure:7153: result: no
configure:7795: checking how to run the C preprocessor
configure:7826: gcc -E  conftest.c
configure:7826: $? = 0
configure:7840: gcc -E  conftest.c
conftest.c:11:28: error: ac_nonexistent.h: No such file or directory
configure:7840: $? = 1
configure: failed program was:
| /* confdefs.h */
| #define PACKAGE_NAME "PythonMagick"
| #define PACKAGE_TARNAME "PythonMagick"
| #define PACKAGE_VERSION "0.9.12"
| #define PACKAGE_STRING "PythonMagick 0.9.12"
| #define PACKAGE_BUGREPORT ""
| #define PACKAGE_URL ""
| #define PACKAGE "PythonMagick"
| #define VERSION "0.9.12"
| /* end confdefs.h.  */
| #include <ac_nonexistent.h>
configure:7865: result: gcc -E
configure:7885: gcc -E  conftest.c
configure:7885: $? = 0
configure:7899: gcc -E  conftest.c
conftest.c:11:28: error: ac_nonexistent.h: No such file or directory
configure:7899: $? = 1
configure: failed program was:
| /* confdefs.h */
| #define PACKAGE_NAME "PythonMagick"
| #define PACKAGE_TARNAME "PythonMagick"
| #define PACKAGE_VERSION "0.9.12"
| #define PACKAGE_STRING "PythonMagick 0.9.12"
| #define PACKAGE_BUGREPORT ""
| #define PACKAGE_URL ""
| #define PACKAGE "PythonMagick"
| #define VERSION "0.9.12"
| /* end confdefs.h.  */
| #include <ac_nonexistent.h>
configure:7928: checking for ANSI C header files
configure:7948: gcc -c -g -O2  conftest.c >&5
configure:7948: $? = 0
configure:8021: gcc -o conftest -g -O2   conftest.c  >&5
configure:8021: $? = 0
configure:8021: ./conftest
configure:8021: $? = 0
configure:8032: result: yes
configure:8045: checking for sys/types.h
configure:8045: gcc -c -g -O2  conftest.c >&5
configure:8045: $? = 0
configure:8045: result: yes
configure:8045: checking for sys/stat.h
configure:8045: gcc -c -g -O2  conftest.c >&5
configure:8045: $? = 0
configure:8045: result: yes
configure:8045: checking for stdlib.h
configure:8045: gcc -c -g -O2  conftest.c >&5
configure:8045: $? = 0
configure:8045: result: yes
configure:8045: checking for string.h
configure:8045: gcc -c -g -O2  conftest.c >&5
configure:8045: $? = 0
configure:8045: result: yes
configure:8045: checking for memory.h
configure:8045: gcc -c -g -O2  conftest.c >&5
configure:8045: $? = 0
configure:8045: result: yes
configure:8045: checking for strings.h
configure:8045: gcc -c -g -O2  conftest.c >&5
configure:8045: $? = 0
configure:8045: result: yes
configure:8045: checking for inttypes.h
configure:8045: gcc -c -g -O2  conftest.c >&5
configure:8045: $? = 0
configure:8045: result: yes
configure:8045: checking for stdint.h
configure:8045: gcc -c -g -O2  conftest.c >&5
configure:8045: $? = 0
configure:8045: result: yes
configure:8045: checking for unistd.h
configure:8045: gcc -c -g -O2  conftest.c >&5
configure:8045: $? = 0
configure:8045: result: yes
configure:8059: checking for dlfcn.h
configure:8059: gcc -c -g -O2  conftest.c >&5
configure:8059: $? = 0
configure:8059: result: yes
configure:8276: checking for objdir
configure:8291: result: .libs
configure:8562: checking if gcc supports -fno-rtti -fno-exceptions
configure:8580: gcc -c -g -O2  -fno-rtti -fno-exceptions conftest.c >&5
cc1: warning: command line option "-fno-rtti" is valid for C++/ObjC++ but not for C
configure:8584: $? = 0
configure:8597: result: no
configure:8924: checking for gcc option to produce PIC
configure:8931: result: -fPIC -DPIC
configure:8939: checking if gcc PIC flag -fPIC -DPIC works
configure:8957: gcc -c -g -O2  -fPIC -DPIC -DPIC conftest.c >&5
configure:8961: $? = 0
configure:8974: result: yes
configure:9003: checking if gcc static flag -static works
configure:9031: result: no
configure:9046: checking if gcc supports -c -o file.o
configure:9067: gcc -c -g -O2  -o out/conftest2.o conftest.c >&5
configure:9071: $? = 0
configure:9093: result: yes
configure:9101: checking if gcc supports -c -o file.o
configure:9148: result: yes
configure:9181: checking whether the gcc linker (/usr/bin/ld -m elf_x86_64) supports shared libraries
configure:10334: result: yes
configure:10371: checking whether -lc should be explicitly linked in
configure:10379: gcc -c -g -O2  conftest.c >&5
configure:10382: $? = 0
configure:10397: gcc -shared  -fPIC -DPIC conftest.o  -v -Wl,-soname -Wl,conftest -o conftest 2\>\&1 \| /bin/grep  -lc  \>/dev/null 2\>\&1
configure:10400: $? = 0
configure:10414: result: no
configure:10574: checking dynamic linker characteristics
configure:11085: gcc -o conftest -g -O2   -Wl,-rpath -Wl,/foo conftest.c  >&5
configure:11085: $? = 0
configure:11311: result: GNU/Linux ld.so
configure:11418: checking how to hardcode library paths into programs
configure:11443: result: immediate
configure:11983: checking whether stripping libraries is possible
configure:11988: result: yes
configure:12023: checking if libtool supports shared libraries
configure:12025: result: yes
configure:12028: checking whether to build shared libraries
configure:12049: result: yes
configure:12052: checking whether to build static libraries
configure:12056: result: yes
configure:12079: checking how to run the C++ preprocessor
configure:12106: g++ -E  conftest.cpp
configure:12106: $? = 0
configure:12120: g++ -E  conftest.cpp
conftest.cpp:23:28: error: ac_nonexistent.h: No such file or directory
configure:12120: $? = 1
configure: failed program was:
| /* confdefs.h */
| #define PACKAGE_NAME "PythonMagick"
| #define PACKAGE_TARNAME "PythonMagick"
| #define PACKAGE_VERSION "0.9.12"
| #define PACKAGE_STRING "PythonMagick 0.9.12"
| #define PACKAGE_BUGREPORT ""
| #define PACKAGE_URL ""
| #define PACKAGE "PythonMagick"
| #define VERSION "0.9.12"
| #define STDC_HEADERS 1
| #define HAVE_SYS_TYPES_H 1
| #define HAVE_SYS_STAT_H 1
| #define HAVE_STDLIB_H 1
| #define HAVE_STRING_H 1
| #define HAVE_MEMORY_H 1
| #define HAVE_STRINGS_H 1
| #define HAVE_INTTYPES_H 1
| #define HAVE_STDINT_H 1
| #define HAVE_UNISTD_H 1
| #define HAVE_DLFCN_H 1
| #define LT_OBJDIR ".libs/"
| /* end confdefs.h.  */
| #include <ac_nonexistent.h>
configure:12145: result: g++ -E
configure:12165: g++ -E  conftest.cpp
configure:12165: $? = 0
configure:12179: g++ -E  conftest.cpp
conftest.cpp:23:28: error: ac_nonexistent.h: No such file or directory
configure:12179: $? = 1
configure: failed program was:
| /* confdefs.h */
| #define PACKAGE_NAME "PythonMagick"
| #define PACKAGE_TARNAME "PythonMagick"
| #define PACKAGE_VERSION "0.9.12"
| #define PACKAGE_STRING "PythonMagick 0.9.12"
| #define PACKAGE_BUGREPORT ""
| #define PACKAGE_URL ""
| #define PACKAGE "PythonMagick"
| #define VERSION "0.9.12"
| #define STDC_HEADERS 1
| #define HAVE_SYS_TYPES_H 1
| #define HAVE_SYS_STAT_H 1
| #define HAVE_STDLIB_H 1
| #define HAVE_STRING_H 1
| #define HAVE_MEMORY_H 1
| #define HAVE_STRINGS_H 1
| #define HAVE_INTTYPES_H 1
| #define HAVE_STDINT_H 1
| #define HAVE_UNISTD_H 1
| #define HAVE_DLFCN_H 1
| #define LT_OBJDIR ".libs/"
| /* end confdefs.h.  */
| #include <ac_nonexistent.h>
configure:12348: checking for ld used by g++
configure:12415: result: /usr/bin/ld -m elf_x86_64
configure:12422: checking if the linker (/usr/bin/ld -m elf_x86_64) is GNU ld
configure:12437: result: yes
configure:12492: checking whether the g++ linker (/usr/bin/ld -m elf_x86_64) supports shared libraries
configure:13497: result: yes
configure:13533: g++ -c -g -O2  conftest.cpp >&5
configure:13536: $? = 0
configure:14056: checking for g++ option to produce PIC
configure:14063: result: -fPIC -DPIC
configure:14071: checking if g++ PIC flag -fPIC -DPIC works
configure:14089: g++ -c -g -O2  -fPIC -DPIC -DPIC conftest.cpp >&5
configure:14093: $? = 0
configure:14106: result: yes
configure:14129: checking if g++ static flag -static works
configure:14157: result: no
configure:14169: checking if g++ supports -c -o file.o
configure:14190: g++ -c -g -O2  -o out/conftest2.o conftest.cpp >&5
configure:14194: $? = 0
configure:14216: result: yes
configure:14221: checking if g++ supports -c -o file.o
configure:14268: result: yes
configure:14298: checking whether the g++ linker (/usr/bin/ld -m elf_x86_64) supports shared libraries
configure:14334: result: yes
configure:14475: checking dynamic linker characteristics
configure:15146: result: GNU/Linux ld.so
configure:15199: checking how to hardcode library paths into programs
configure:15224: result: immediate
configure:15320: checking for a Python interpreter with version >= 2.4
configure:15337: python -c import sys # split strings by '.' and convert to numeric. Append some zeros # because we need at least 4 digits for the hex conversion. # map returns an iterator in Python 3.0 and a list in 2.x minver = list(map(int, '2.4'.split('.'))) + [0, 0, 0] minverhex = 0 # xrange is not present in Python 3.0 and range returns an iterator for i in list(range(0, 4)): minverhex = (minverhex << 8) + minver[i] sys.exit(sys.hexversion < minverhex)
configure:15340: $? = 0
configure:15346: result: python
configure:15354: checking for python
configure:15372: found /usr/bin/python
configure:15384: result: /usr/bin/python
configure:15402: checking for python version
configure:15409: result: 2.6
configure:15421: checking for python platform
configure:15428: result: linux2
configure:15454: checking for python script directory
configure:15489: result: ${prefix}/lib/python2.6/site-packages
configure:15498: checking for python extension module directory
configure:15533: result: ${exec_prefix}/lib64/python2.6/site-packages
configure:15600: checking for pkg-config
configure:15618: found /usr/bin/pkg-config
configure:15630: result: /usr/bin/pkg-config
configure:15655: checking pkg-config is at least version 0.9.0
configure:15658: result: yes
configure:15671: checking whether to enable maintainer-specific portions of Makefiles
configure:15680: result: no
configure:15743: checking for boostlib >= 1.20.0
configure:15817: g++ -c -g -O2   conftest.cpp >&5
conftest.cpp:24:33: error: boost/version.hpp: No such file or directory
conftest.cpp:33:8: error: #error Boost version is too old
configure:15817: $? = 1
configure: failed program was:
| /* confdefs.h */
| #define PACKAGE_NAME "PythonMagick"
| #define PACKAGE_TARNAME "PythonMagick"
| #define PACKAGE_VERSION "0.9.12"
| #define PACKAGE_STRING "PythonMagick 0.9.12"
| #define PACKAGE_BUGREPORT ""
| #define PACKAGE_URL ""
| #define PACKAGE "PythonMagick"
| #define VERSION "0.9.12"
| #define STDC_HEADERS 1
| #define HAVE_SYS_TYPES_H 1
| #define HAVE_SYS_STAT_H 1
| #define HAVE_STDLIB_H 1
| #define HAVE_STRING_H 1
| #define HAVE_MEMORY_H 1
| #define HAVE_STRINGS_H 1
| #define HAVE_INTTYPES_H 1
| #define HAVE_STDINT_H 1
| #define HAVE_UNISTD_H 1
| #define HAVE_DLFCN_H 1
| #define LT_OBJDIR ".libs/"
| /* end confdefs.h.  */
| 
|     #include <boost/version.hpp>
| 
| int
| main ()
| {
| 
|     #if BOOST_VERSION >= 102000
|     // Everything is okay
|     #else
|     #  error Boost version is too old
|     #endif
| 
|   ;
|   return 0;
| }
configure:15923: g++ -c -g -O2   -I/include/boost-0 conftest.cpp >&5
conftest.cpp:24:37: error: boost/version.hpp: No such file or directory
conftest.cpp:33:12: error: #error Boost version is too old
configure:15923: $? = 1
configure: failed program was:
| /* confdefs.h */
| #define PACKAGE_NAME "PythonMagick"
| #define PACKAGE_TARNAME "PythonMagick"
| #define PACKAGE_VERSION "0.9.12"
| #define PACKAGE_STRING "PythonMagick 0.9.12"
| #define PACKAGE_BUGREPORT ""
| #define PACKAGE_URL ""
| #define PACKAGE "PythonMagick"
| #define VERSION "0.9.12"
| #define STDC_HEADERS 1
| #define HAVE_SYS_TYPES_H 1
| #define HAVE_SYS_STAT_H 1
| #define HAVE_STDLIB_H 1
| #define HAVE_STRING_H 1
| #define HAVE_MEMORY_H 1
| #define HAVE_STRINGS_H 1
| #define HAVE_INTTYPES_H 1
| #define HAVE_STDINT_H 1
| #define HAVE_UNISTD_H 1
| #define HAVE_DLFCN_H 1
| #define LT_OBJDIR ".libs/"
| /* end confdefs.h.  */
| 
|         #include <boost/version.hpp>
| 
| int
| main ()
| {
| 
|         #if BOOST_VERSION >= 102000
|         // Everything is okay
|         #else
|         #  error Boost version is too old
|         #endif
| 
|   ;
|   return 0;
| }
configure:15942: We could not detect the boost libraries (version 1.20 or higher). If you have a staged boost library (still not installed) please specify $BOOST_ROOT in your environment and do not give a PATH to --with-boost option.  If you are sure you have boost installed, then check your version number looking in <boost/version.hpp>. See http://randspringer.de/boost for more documentation.
configure:15973: checking for python2.6
configure:16003: result: /usr/bin/python
configure:16019: checking for a version of Python >= '2.1.0'
configure:16045: result: yes
configure:16076: checking for the distutils Python package
configure:16080: result: yes
configure:16094: checking for Python include path
configure:16110: result: -I/usr/include/python2.6
configure:16117: checking for Python library path
configure:16194: result: -L/usr/lib64 -lpython2.6
configure:16201: checking for Python site-packages path
configure:16207: result: /usr/lib/python2.6/site-packages
configure:16214: checking python extra libraries
configure:16221: result: -lpthread -ldl  -lutil
configure:16228: checking python extra linking flags
configure:16235: result: -Xlinker -export-dynamic
configure:16242: checking consistency of all components of python development environment
configure:16268: gcc -o conftest -g -O2  -I/usr/include/python2.6  conftest.c  -L/usr/lib64 -lpython2.6 -Xlinker -export-dynamic -lpthread -ldl  -lutil >&5
configure:16268: $? = 0
configure:16285: result: yes
configure:16310: checking whether the Boost::Python library is available
configure:16340: g++ -c -g -O2 -I/usr/include/python2.6  conftest.cpp >&5
conftest.cpp:25:36: error: boost/python/module.hpp: No such file or directory
conftest.cpp:26: error: 'boost' has not been declared
conftest.cpp:26: error: 'python' is not a namespace-name
conftest.cpp:26: error: expected namespace-name before ';' token
conftest.cpp:27: error: expected constructor, destructor, or type conversion before '(' token
configure:16340: $? = 1
configure: failed program was:
| /* confdefs.h */
| #define PACKAGE_NAME "PythonMagick"
| #define PACKAGE_TARNAME "PythonMagick"
| #define PACKAGE_VERSION "0.9.12"
| #define PACKAGE_STRING "PythonMagick 0.9.12"
| #define PACKAGE_BUGREPORT ""
| #define PACKAGE_URL ""
| #define PACKAGE "PythonMagick"
| #define VERSION "0.9.12"
| #define STDC_HEADERS 1
| #define HAVE_SYS_TYPES_H 1
| #define HAVE_SYS_STAT_H 1
| #define HAVE_STDLIB_H 1
| #define HAVE_STRING_H 1
| #define HAVE_MEMORY_H 1
| #define HAVE_STRINGS_H 1
| #define HAVE_INTTYPES_H 1
| #define HAVE_STDINT_H 1
| #define HAVE_UNISTD_H 1
| #define HAVE_DLFCN_H 1
| #define LT_OBJDIR ".libs/"
| #define HAVE_PYTHON "2.6"
| /* end confdefs.h.  */
| 
|  #include <boost/python/module.hpp>
|  using namespace boost::python;
|  BOOST_PYTHON_MODULE(test) { throw "Boost::Python test."; }
| int
| main ()
| {
| return 0;
|   ;
|   return 0;
| }
configure:16355: result: no
configure:16422: checking for MAGICKCORE
configure:16429: $PKG_CONFIG --exists --print-errors "MagickCore >= 6.8.6"
Requested 'MagickCore >= 6.8.6' but version of MagickCore is 6.7.2
configure:16432: $? = 1
configure:16446: $PKG_CONFIG --exists --print-errors "MagickCore >= 6.8.6"
Requested 'MagickCore >= 6.8.6' but version of MagickCore is 6.7.2
configure:16449: $? = 1
configure:16463: result: no
Requested 'MagickCore >= 6.8.6' but version of MagickCore is 6.7.2
configure:16479: error: Package requirements (MagickCore >= 6.8.6) were not met:

Requested 'MagickCore >= 6.8.6' but version of MagickCore is 6.7.2

Consider adjusting the PKG_CONFIG_PATH environment variable if you
installed software in a non-standard prefix.

Alternatively, you may set the environment variables MAGICKCORE_CFLAGS
and MAGICKCORE_LIBS to avoid the need to call pkg-config.
See the pkg-config man page for more details.

## ---------------- ##
## Cache variables. ##
## ---------------- ##

ac_cv_boost_python=no
ac_cv_build=x86_64-unknown-linux-gnu
ac_cv_c_compiler_gnu=yes
ac_cv_cxx_compiler_gnu=yes
ac_cv_env_CCC_set=
ac_cv_env_CCC_value=
ac_cv_env_CC_set=
ac_cv_env_CC_value=
ac_cv_env_CFLAGS_set=
ac_cv_env_CFLAGS_value=
ac_cv_env_CPPFLAGS_set=
ac_cv_env_CPPFLAGS_value=
ac_cv_env_CPP_set=
ac_cv_env_CPP_value=
ac_cv_env_CXXCPP_set=
ac_cv_env_CXXCPP_value=
ac_cv_env_CXXFLAGS_set=
ac_cv_env_CXXFLAGS_value=
ac_cv_env_CXX_set=
ac_cv_env_CXX_value=
ac_cv_env_LDFLAGS_set=
ac_cv_env_LDFLAGS_value=
ac_cv_env_LIBS_set=
ac_cv_env_LIBS_value=
ac_cv_env_MAGICKCORE_CFLAGS_set=
ac_cv_env_MAGICKCORE_CFLAGS_value=
ac_cv_env_MAGICKCORE_LIBS_set=
ac_cv_env_MAGICKCORE_LIBS_value=
ac_cv_env_MAGICKPP_CFLAGS_set=
ac_cv_env_MAGICKPP_CFLAGS_value=
ac_cv_env_MAGICKPP_LIBS_set=
ac_cv_env_MAGICKPP_LIBS_value=
ac_cv_env_PKG_CONFIG_LIBDIR_set=
ac_cv_env_PKG_CONFIG_LIBDIR_value=
ac_cv_env_PKG_CONFIG_PATH_set=
ac_cv_env_PKG_CONFIG_PATH_value=
ac_cv_env_PKG_CONFIG_set=
ac_cv_env_PKG_CONFIG_value=
ac_cv_env_PYTHON_VERSION_set=
ac_cv_env_PYTHON_VERSION_value=
ac_cv_env_PYTHON_set=
ac_cv_env_PYTHON_value=
ac_cv_env_build_alias_set=
ac_cv_env_build_alias_value=
ac_cv_env_host_alias_set=
ac_cv_env_host_alias_value=
ac_cv_env_target_alias_set=
ac_cv_env_target_alias_value=
ac_cv_header_dlfcn_h=yes
ac_cv_header_inttypes_h=yes
ac_cv_header_memory_h=yes
ac_cv_header_stdc=yes
ac_cv_header_stdint_h=yes
ac_cv_header_stdlib_h=yes
ac_cv_header_string_h=yes
ac_cv_header_strings_h=yes
ac_cv_header_sys_stat_h=yes
ac_cv_header_sys_types_h=yes
ac_cv_header_unistd_h=yes
ac_cv_host=x86_64-unknown-linux-gnu
ac_cv_objext=o
ac_cv_path_EGREP='/bin/grep -E'
ac_cv_path_FGREP='/bin/grep -F'
ac_cv_path_GREP=/bin/grep
ac_cv_path_PYTHON=/usr/bin/python
ac_cv_path_SED=/bin/sed
ac_cv_path_ac_pt_PKG_CONFIG=/usr/bin/pkg-config
ac_cv_path_install='/usr/bin/install -c'
ac_cv_path_mkdir=/bin/mkdir
ac_cv_prog_AWK=gawk
ac_cv_prog_CPP='gcc -E'
ac_cv_prog_CXXCPP='g++ -E'
ac_cv_prog_ac_ct_AR=ar
ac_cv_prog_ac_ct_CC=gcc
ac_cv_prog_ac_ct_CXX=g++
ac_cv_prog_ac_ct_OBJDUMP=objdump
ac_cv_prog_ac_ct_RANLIB=ranlib
ac_cv_prog_ac_ct_STRIP=strip
ac_cv_prog_cc_c89=
ac_cv_prog_cc_g=yes
ac_cv_prog_cxx_g=yes
ac_cv_prog_make_make_set=yes
am_cv_CC_dependencies_compiler_type=gcc3
am_cv_CXX_dependencies_compiler_type=gcc3
am_cv_make_support_nested_variables=yes
am_cv_pathless_PYTHON=python
am_cv_prog_cc_c_o=yes
am_cv_python_platform=linux2
am_cv_python_pyexecdir='${exec_prefix}/lib64/python2.6/site-packages'
am_cv_python_pythondir='${prefix}/lib/python2.6/site-packages'
am_cv_python_version=2.6
lt_cv_ar_at_file=@
lt_cv_archive_cmds_need_lc=no
lt_cv_deplibs_check_method=pass_all
lt_cv_file_magic_cmd='$MAGIC_CMD'
lt_cv_file_magic_test_file=
lt_cv_ld_reload_flag=-r
lt_cv_nm_interface='BSD nm'
lt_cv_objdir=.libs
lt_cv_path_LD=/usr/bin/ld
lt_cv_path_LDCXX='/usr/bin/ld -m elf_x86_64'
lt_cv_path_NM='/usr/bin/nm -B'
lt_cv_path_mainfest_tool=no
lt_cv_prog_compiler_c_o=yes
lt_cv_prog_compiler_c_o_CXX=yes
lt_cv_prog_compiler_pic='-fPIC -DPIC'
lt_cv_prog_compiler_pic_CXX='-fPIC -DPIC'
lt_cv_prog_compiler_pic_works=yes
lt_cv_prog_compiler_pic_works_CXX=yes
lt_cv_prog_compiler_rtti_exceptions=no
lt_cv_prog_compiler_static_works=no
lt_cv_prog_compiler_static_works_CXX=no
lt_cv_prog_gnu_ld=yes
lt_cv_prog_gnu_ldcxx=yes
lt_cv_sharedlib_from_linklib_cmd='printf %s\n'
lt_cv_shlibpath_overrides_runpath=no
lt_cv_sys_global_symbol_pipe='sed -n -e '\''s/^.*[	 ]\([ABCDGIRSTW][ABCDGIRSTW]*\)[	 ][	 ]*\([_A-Za-z][_A-Za-z0-9]*\)$/\1 \2 \2/p'\'' | sed '\''/ __gnu_lto/d'\'''
lt_cv_sys_global_symbol_to_c_name_address='sed -n -e '\''s/^: \([^ ]*\)[ ]*$/  {\"\1\", (void *) 0},/p'\'' -e '\''s/^[ABCDGIRSTW]* \([^ ]*\) \([^ ]*\)$/  {"\2", (void *) \&\2},/p'\'''
lt_cv_sys_global_symbol_to_c_name_address_lib_prefix='sed -n -e '\''s/^: \([^ ]*\)[ ]*$/  {\"\1\", (void *) 0},/p'\'' -e '\''s/^[ABCDGIRSTW]* \([^ ]*\) \(lib[^ ]*\)$/  {"\2", (void *) \&\2},/p'\'' -e '\''s/^[ABCDGIRSTW]* \([^ ]*\) \([^ ]*\)$/  {"lib\2", (void *) \&\2},/p'\'''
lt_cv_sys_global_symbol_to_cdecl='sed -n -e '\''s/^T .* \(.*\)$/extern int \1();/p'\'' -e '\''s/^[ABCDGIRSTW]* .* \(.*\)$/extern char \1;/p'\'''
lt_cv_sys_max_cmd_len=1966080
lt_cv_to_host_file_cmd=func_convert_file_noop
lt_cv_to_tool_file_cmd=func_convert_file_noop

## ----------------- ##
## Output variables. ##
## ----------------- ##

ACLOCAL='${SHELL} /var/www/files/tmp/picpi/git/PythonMagick-0.9.12/config/missing aclocal-1.15'
AMDEPBACKSLASH='\'
AMDEP_FALSE='#'
AMDEP_TRUE=''
AMTAR='$${TAR-tar}'
AM_BACKSLASH='\'
AM_DEFAULT_V='$(AM_DEFAULT_VERBOSITY)'
AM_DEFAULT_VERBOSITY='0'
AM_V='$(V)'
AR='ar'
AUTOCONF='${SHELL} /var/www/files/tmp/picpi/git/PythonMagick-0.9.12/config/missing autoconf'
AUTOHEADER='${SHELL} /var/www/files/tmp/picpi/git/PythonMagick-0.9.12/config/missing autoheader'
AUTOMAKE='${SHELL} /var/www/files/tmp/picpi/git/PythonMagick-0.9.12/config/missing automake-1.15'
AWK='gawk'
BOOST_CPPFLAGS='-I/include/boost-0'
BOOST_LDFLAGS='-L/lib64'
BOOST_PYTHON_LIB=''
CC='gcc'
CCDEPMODE='depmode=gcc3'
CFLAGS='-g -O2'
CPP='gcc -E'
CPPFLAGS=''
CXX='g++'
CXXCPP='g++ -E'
CXXDEPMODE='depmode=gcc3'
CXXFLAGS='-g -O2'
CYGPATH_W='echo'
DEFS=''
DEPDIR='.deps'
DLLTOOL='false'
DSYMUTIL=''
DUMPBIN=''
ECHO_C=''
ECHO_N='-n'
ECHO_T=''
EGREP='/bin/grep -E'
EXEEXT=''
FGREP='/bin/grep -F'
GREP='/bin/grep'
INSTALL_DATA='${INSTALL} -m 644'
INSTALL_PROGRAM='${INSTALL}'
INSTALL_SCRIPT='${INSTALL}'
INSTALL_STRIP_PROGRAM='$(install_sh) -c -s'
LD='/usr/bin/ld -m elf_x86_64'
LDFLAGS=''
LIBOBJS=''
LIBS=''
LIBTOOL='$(SHELL) $(top_builddir)/libtool'
LIPO=''
LN_S='ln -s'
LTLIBOBJS=''
MAGICKCORE_CFLAGS=''
MAGICKCORE_LIBS=''
MAGICKPP_CFLAGS=''
MAGICKPP_LIBS=''
MAINT='#'
MAINTAINER_MODE_FALSE=''
MAINTAINER_MODE_TRUE='#'
MAKEINFO='${SHELL} /var/www/files/tmp/picpi/git/PythonMagick-0.9.12/config/missing makeinfo'
MANIFEST_TOOL=':'
MKDIR_P='/bin/mkdir -p'
NM='/usr/bin/nm -B'
NMEDIT=''
OBJDUMP='objdump'
OBJEXT='o'
OTOOL64=''
OTOOL=''
PACKAGE='PythonMagick'
PACKAGE_BUGREPORT=''
PACKAGE_NAME='PythonMagick'
PACKAGE_STRING='PythonMagick 0.9.12'
PACKAGE_TARNAME='PythonMagick'
PACKAGE_URL=''
PACKAGE_VERSION='0.9.12'
PATH_SEPARATOR=':'
PKG_CONFIG='/usr/bin/pkg-config'
PKG_CONFIG_LIBDIR=''
PKG_CONFIG_PATH=''
PYTHON='/usr/bin/python'
PYTHON_CPPFLAGS='-I/usr/include/python2.6'
PYTHON_EXEC_PREFIX='${exec_prefix}'
PYTHON_EXTRA_LDFLAGS='-Xlinker -export-dynamic'
PYTHON_EXTRA_LIBS='-lpthread -ldl  -lutil'
PYTHON_LDFLAGS='-L/usr/lib64 -lpython2.6'
PYTHON_PLATFORM='linux2'
PYTHON_PREFIX='${prefix}'
PYTHON_SITE_PKG='/usr/lib/python2.6/site-packages'
PYTHON_VERSION='2.6'
RANLIB='ranlib'
SED='/bin/sed'
SET_MAKE=''
SHELL='/bin/sh'
STRIP='strip'
VERSION='0.9.12'
ac_ct_AR='ar'
ac_ct_CC='gcc'
ac_ct_CXX='g++'
ac_ct_DUMPBIN=''
am__EXEEXT_FALSE=''
am__EXEEXT_TRUE=''
am__fastdepCC_FALSE='#'
am__fastdepCC_TRUE=''
am__fastdepCXX_FALSE='#'
am__fastdepCXX_TRUE=''
am__include='include'
am__isrc=''
am__leading_dot='.'
am__nodep='_no'
am__quote=''
am__tar='$${TAR-tar} chof - "$$tardir"'
am__untar='$${TAR-tar} xf -'
bindir='${exec_prefix}/bin'
build='x86_64-unknown-linux-gnu'
build_alias=''
build_cpu='x86_64'
build_os='linux-gnu'
build_vendor='unknown'
datadir='${datarootdir}'
datarootdir='${prefix}/share'
docdir='${datarootdir}/doc/${PACKAGE_TARNAME}'
dvidir='${docdir}'
exec_prefix='NONE'
host='x86_64-unknown-linux-gnu'
host_alias=''
host_cpu='x86_64'
host_os='linux-gnu'
host_vendor='unknown'
htmldir='${docdir}'
includedir='${prefix}/include'
infodir='${datarootdir}/info'
install_sh='${SHELL} /var/www/files/tmp/picpi/git/PythonMagick-0.9.12/config/install-sh'
libdir='${exec_prefix}/lib'
libexecdir='${exec_prefix}/libexec'
localedir='${datarootdir}/locale'
localstatedir='${prefix}/var'
mandir='${datarootdir}/man'
mkdir_p='$(MKDIR_P)'
oldincludedir='/usr/include'
pdfdir='${docdir}'
pkgpyexecdir='${pyexecdir}/PythonMagick'
pkgpythondir='${pythondir}/PythonMagick'
prefix='NONE'
program_transform_name='s,x,x,'
psdir='${docdir}'
pyexecdir='${exec_prefix}/lib64/python2.6/site-packages'
pythondir='${prefix}/lib/python2.6/site-packages'
sbindir='${exec_prefix}/sbin'
sharedstatedir='${prefix}/com'
sysconfdir='${prefix}/etc'
target_alias=''

## ----------- ##
## confdefs.h. ##
## ----------- ##

/* confdefs.h */
#define PACKAGE_NAME "PythonMagick"
#define PACKAGE_TARNAME "PythonMagick"
#define PACKAGE_VERSION "0.9.12"
#define PACKAGE_STRING "PythonMagick 0.9.12"
#define PACKAGE_BUGREPORT ""
#define PACKAGE_URL ""
#define PACKAGE "PythonMagick"
#define VERSION "0.9.12"
#define STDC_HEADERS 1
#define HAVE_SYS_TYPES_H 1
#define HAVE_SYS_STAT_H 1
#define HAVE_STDLIB_H 1
#define HAVE_STRING_H 1
#define HAVE_MEMORY_H 1
#define HAVE_STRINGS_H 1
#define HAVE_INTTYPES_H 1
#define HAVE_STDINT_H 1
#define HAVE_UNISTD_H 1
#define HAVE_DLFCN_H 1
#define LT_OBJDIR ".libs/"
#define HAVE_PYTHON "2.6"

configure: exit 1
